<?xml version="1.0" encoding="UTF-8"?>
<robot generator="Robot 4.0.2 (Python 3.9.1 on win32)" generated="20210608 15:39:02.304" rpa="false" schemaversion="2">
<suite id="s1" name="Drag And Drop" source="C:\workspace\treinamento_appium_robot\tests\drag_and_drop.robot">
<test id="s1-t1" name="Deve mover o Hulk para o topo da lista">
<kw name="Open Session" library="base" type="SETUP">
<kw name="Set Appium Timeout" library="AppiumLibrary">
<arg>5</arg>
<doc>Sets the timeout in seconds used by various keywords.</doc>
<status status="PASS" starttime="20210608 15:39:02.506" endtime="20210608 15:39:02.506"/>
</kw>
<kw name="Open Application" library="AppiumLibrary">
<arg>http://localhost:4723/wd/hub</arg>
<arg>automationName=UiAutomator2</arg>
<arg>platformName=Android</arg>
<arg>deviceName=Emulator</arg>
<arg>app=${EXECDIR}/app/twp.apk</arg>
<arg>udid=emulator-5554</arg>
<doc>Opens a new application to given Appium server.
Capabilities of appium server, Android and iOS,
Please check https://github.com/appium/appium/blob/master/docs/en/writing-running-appium/server-args.md
| *Option*            | *Man.* | *Description*     |
| remote_url          | Yes    | Appium server url |
| alias               | no     | alias             |</doc>
<status status="PASS" starttime="20210608 15:39:02.506" endtime="20210608 15:39:15.558"/>
</kw>
<kw name="Get Started" library="helpers">
<kw name="Wait Until Page Contains" library="AppiumLibrary">
<arg>${START}</arg>
<doc>Waits until `text` appears on current page.</doc>
<status status="PASS" starttime="20210608 15:39:15.559" endtime="20210608 15:39:19.598"/>
</kw>
<kw name="Click Text" library="AppiumLibrary">
<arg>${START}</arg>
<doc>Click text identified by ``text``.</doc>
<status status="PASS" starttime="20210608 15:39:19.598" endtime="20210608 15:39:19.851"/>
</kw>
<status status="PASS" starttime="20210608 15:39:15.558" endtime="20210608 15:39:19.851"/>
</kw>
<status status="PASS" starttime="20210608 15:39:02.506" endtime="20210608 15:39:19.851"/>
</kw>
<kw name="Go To Avangers List" library="helpers">
<kw name="Open Nav" library="helpers">
<kw name="Wait Until Element Is Visible" library="AppiumLibrary">
<arg>${HAMBURGER}</arg>
<doc>Waits until element specified with `locator` is visible.</doc>
<status status="PASS" starttime="20210608 15:39:19.853" endtime="20210608 15:39:21.039"/>
</kw>
<kw name="Click Element" library="AppiumLibrary">
<arg>${HAMBURGER}</arg>
<doc>Click element identified by `locator`.</doc>
<msg timestamp="20210608 15:39:21.041" level="INFO">Clicking element 'xpath=//*[@content-desc='Open navigation drawer']'.</msg>
<status status="PASS" starttime="20210608 15:39:21.039" endtime="20210608 15:39:21.160"/>
</kw>
<kw name="Wait Until Element Is Visible" library="AppiumLibrary">
<arg>${NAV_VIEW}</arg>
<doc>Waits until element specified with `locator` is visible.</doc>
<status status="PASS" starttime="20210608 15:39:21.160" endtime="20210608 15:39:22.108"/>
</kw>
<status status="PASS" starttime="20210608 15:39:19.853" endtime="20210608 15:39:22.108"/>
</kw>
<kw name="Click Text" library="AppiumLibrary">
<arg>AVENGERS</arg>
<doc>Click text identified by ``text``.</doc>
<status status="PASS" starttime="20210608 15:39:22.108" endtime="20210608 15:39:22.234"/>
</kw>
<kw name="Wait Until Page Contains" library="AppiumLibrary">
<arg>AVENGERS</arg>
<doc>Waits until `text` appears on current page.</doc>
<status status="PASS" starttime="20210608 15:39:22.235" endtime="20210608 15:39:22.727"/>
</kw>
<kw name="Click Text" library="AppiumLibrary">
<arg>LISTA</arg>
<doc>Click text identified by ``text``.</doc>
<status status="PASS" starttime="20210608 15:39:22.727" endtime="20210608 15:39:23.240"/>
</kw>
<kw name="Wait Until Page Contains" library="AppiumLibrary">
<arg>LISTA</arg>
<doc>Waits until `text` appears on current page.</doc>
<status status="PASS" starttime="20210608 15:39:23.240" endtime="20210608 15:39:23.553"/>
</kw>
<status status="PASS" starttime="20210608 15:39:19.852" endtime="20210608 15:39:23.553"/>
</kw>
<kw name="Drag And Drop" library="extend">
<arg>io.qaninja.android.twp:id/drag_handle</arg>
<arg>3</arg>
<arg>0</arg>
<status status="PASS" starttime="20210608 15:39:23.554" endtime="20210608 15:39:35.964"/>
</kw>
<kw name="Sleep" library="BuiltIn">
<arg>5</arg>
<doc>Pauses the test executed for the given time.</doc>
<msg timestamp="20210608 15:39:40.979" level="INFO">Slept 5 seconds</msg>
<status status="PASS" starttime="20210608 15:39:35.964" endtime="20210608 15:39:40.979"/>
</kw>
<kw name="Close Session" library="base" type="TEARDOWN">
<kw name="Close Application" library="AppiumLibrary">
<doc>Closes the current application and also close webdriver session.</doc>
<status status="PASS" starttime="20210608 15:39:40.980" endtime="20210608 15:39:41.583"/>
</kw>
<status status="PASS" starttime="20210608 15:39:40.979" endtime="20210608 15:39:41.584"/>
</kw>
<status status="PASS" starttime="20210608 15:39:02.505" endtime="20210608 15:39:41.584"/>
</test>
<status status="PASS" starttime="20210608 15:39:02.306" endtime="20210608 15:39:41.586"/>
</suite>
<statistics>
<total>
<stat pass="1" fail="0" skip="0">All Tests</stat>
</total>
<tag>
</tag>
<suite>
<stat pass="1" fail="0" skip="0" id="s1" name="Drag And Drop">Drag And Drop</stat>
</suite>
</statistics>
<errors>
</errors>
</robot>
